<?xml version="1.0" encoding="UTF-8"?>
<!-- Generated by org.testng.reporters.JUnitReportReporter -->
<testsuite hostname="MSI" failures="0" tests="2" name="com.trelloapi.testcases.TC010_GET_CheckItemsCreated" time="0.002" errors="0" timestamp="2023-02-01T12:48:37 EST" skipped="0">
  <testcase classname="com.trelloapi.testcases.TC010_GET_CheckItemsCreated" name="checkResponseBody" time="0.001"/>
  <system-out/>
  <testcase classname="com.trelloapi.testcases.TC010_GET_CheckItemsCreated" name="checkStatusCode" time="0.001"/>
  <system-out/>
</testsuite> <!-- com.trelloapi.testcases.TC010_GET_CheckItemsCreated -->
