<?xml version="1.0" encoding="UTF-8"?>
<!-- Generated by org.testng.reporters.JUnitReportReporter -->
<testsuite hostname="MSI" failures="0" tests="4" name="com.trelloapi.testcases.TC003_POST_CreateNewList" time="0.036" errors="0" timestamp="2023-02-01T12:48:38 EST" skipped="0">
  <testcase classname="com.trelloapi.testcases.TC003_POST_CreateNewList" name="checkStatusCode" time="0.001"/>
  <system-out/>
  <testcase classname="com.trelloapi.testcases.TC003_POST_CreateNewList" name="getListId" time="0.016"/>
  <system-out/>
  <testcase classname="com.trelloapi.testcases.TC003_POST_CreateNewList" name="checkListName" time="0.018"/>
  <system-out/>
  <testcase classname="com.trelloapi.testcases.TC003_POST_CreateNewList" name="checkResponseBody" time="0.001"/>
  <system-out/>
</testsuite> <!-- com.trelloapi.testcases.TC003_POST_CreateNewList -->
