<?xml version="1.0" encoding="UTF-8"?>
<!-- Generated by org.testng.reporters.JUnitReportReporter -->
<testsuite hostname="MSI" failures="0" tests="4" name="com.trelloapi.testcases.TC009_POST_CreateCheckItems_DataDrivenTest" time="0.772" errors="0" timestamp="2023-02-01T12:48:37 EST" skipped="0">
  <testcase classname="com.trelloapi.testcases.TC009_POST_CreateCheckItems_DataDrivenTest" name="checkStatusCode" time="0.001"/>
  <system-out/>
  <testcase classname="com.trelloapi.testcases.TC009_POST_CreateCheckItems_DataDrivenTest" name="getCheckItemsTestData" time="0.203"/>
  <system-out/>
  <testcase classname="com.trelloapi.testcases.TC009_POST_CreateCheckItems_DataDrivenTest" name="getCheckItemsTestData" time="0.273"/>
  <system-out/>
  <testcase classname="com.trelloapi.testcases.TC009_POST_CreateCheckItems_DataDrivenTest" name="getCheckItemsTestData" time="0.295"/>
  <system-out/>
</testsuite> <!-- com.trelloapi.testcases.TC009_POST_CreateCheckItems_DataDrivenTest -->
