<?xml version="1.0" encoding="UTF-8"?>
<!-- Generated by org.testng.reporters.JUnitReportReporter -->
<testsuite hostname="MSI" failures="0" tests="3" name="com.trelloapi.testcases.TC008_GET_CheckListCreated" time="0.022" errors="0" timestamp="2023-02-01T12:48:37 EST" skipped="0">
  <testcase classname="com.trelloapi.testcases.TC008_GET_CheckListCreated" name="checkResponseBody" time="0.001"/>
  <system-out/>
  <testcase classname="com.trelloapi.testcases.TC008_GET_CheckListCreated" name="checkStatusCode" time="0.002"/>
  <system-out/>
  <testcase classname="com.trelloapi.testcases.TC008_GET_CheckListCreated" name="checkChecklistName" time="0.019"/>
  <system-out/>
</testsuite> <!-- com.trelloapi.testcases.TC008_GET_CheckListCreated -->
