<?xml version="1.0" encoding="UTF-8"?>
<!-- Generated by org.testng.reporters.JUnitReportReporter -->
<testsuite hostname="MSI" failures="0" tests="3" name="com.trelloapi.testcases.TC004_GET_VerifyListCreated" time="0.017" errors="0" timestamp="2023-02-01T12:48:37 EST" skipped="0">
  <testcase classname="com.trelloapi.testcases.TC004_GET_VerifyListCreated" name="checkListName" time="0.016"/>
  <system-out/>
  <testcase classname="com.trelloapi.testcases.TC004_GET_VerifyListCreated" name="checkResponseBody" time="0.000"/>
  <system-out/>
  <testcase classname="com.trelloapi.testcases.TC004_GET_VerifyListCreated" name="checkStatusCode" time="0.001"/>
  <system-out/>
</testsuite> <!-- com.trelloapi.testcases.TC004_GET_VerifyListCreated -->
