<?xml version="1.0" encoding="UTF-8"?>
<!-- Generated by org.testng.reporters.JUnitReportReporter -->
<testsuite hostname="MSI" failures="0" tests="4" name="com.trelloapi.testcases.TC005_POST_CreateNewCard" time="0.039" errors="0" timestamp="2023-02-01T12:48:38 EST" skipped="0">
  <testcase classname="com.trelloapi.testcases.TC005_POST_CreateNewCard" name="checkResponseBody" time="0.000"/>
  <system-out/>
  <testcase classname="com.trelloapi.testcases.TC005_POST_CreateNewCard" name="checkStatusCode" time="0.000"/>
  <system-out/>
  <testcase classname="com.trelloapi.testcases.TC005_POST_CreateNewCard" name="getCardId" time="0.015"/>
  <system-out/>
  <testcase classname="com.trelloapi.testcases.TC005_POST_CreateNewCard" name="checkCardName" time="0.024"/>
  <system-out/>
</testsuite> <!-- com.trelloapi.testcases.TC005_POST_CreateNewCard -->
