<?xml version="1.0" encoding="UTF-8"?>
<!-- Generated by org.testng.reporters.JUnitReportReporter -->
<testsuite hostname="MSI" failures="0" tests="4" name="com.trelloapi.testcases.TC001_POST_CreateNewBoard" time="0.682" errors="0" timestamp="2023-02-01T12:48:38 EST" skipped="0">
  <testcase classname="com.trelloapi.testcases.TC001_POST_CreateNewBoard" name="checkResponseBody" time="0.029"/>
  <system-out/>
  <testcase classname="com.trelloapi.testcases.TC001_POST_CreateNewBoard" name="checkStatusCode" time="0.001"/>
  <system-out/>
  <testcase classname="com.trelloapi.testcases.TC001_POST_CreateNewBoard" name="getContentTypeHeaderValue" time="0.003"/>
  <system-out/>
  <testcase classname="com.trelloapi.testcases.TC001_POST_CreateNewBoard" name="getBoardId" time="0.649"/>
  <system-out/>
</testsuite> <!-- com.trelloapi.testcases.TC001_POST_CreateNewBoard -->
