<?xml version="1.0" encoding="UTF-8"?>
<!-- Generated by org.testng.reporters.JUnitReportReporter -->
<testsuite hostname="MSI" failures="0" tests="4" name="com.trelloapi.testcases.TC002_GET_VerifyBoardCreated" time="0.059" errors="0" timestamp="2023-02-01T12:48:37 EST" skipped="0">
  <testcase classname="com.trelloapi.testcases.TC002_GET_VerifyBoardCreated" name="checkBoardId" time="0.031"/>
  <system-out/>
  <testcase classname="com.trelloapi.testcases.TC002_GET_VerifyBoardCreated" name="checkStatusCode" time="0.001"/>
  <system-out/>
  <testcase classname="com.trelloapi.testcases.TC002_GET_VerifyBoardCreated" name="checkBoardName" time="0.026"/>
  <system-out/>
  <testcase classname="com.trelloapi.testcases.TC002_GET_VerifyBoardCreated" name="checkResponseBody" time="0.001"/>
  <system-out/>
</testsuite> <!-- com.trelloapi.testcases.TC002_GET_VerifyBoardCreated -->
