<?xml version="1.0" encoding="UTF-8"?>
<!-- Generated by org.testng.reporters.JUnitReportReporter -->
<testsuite hostname="MSI" failures="0" tests="3" name="com.trelloapi.testcases.TC006_GET_VerifyCardCreated" time="0.042" errors="0" timestamp="2023-02-01T12:48:38 EST" skipped="0">
  <testcase classname="com.trelloapi.testcases.TC006_GET_VerifyCardCreated" name="checkResponseBody" time="0.001"/>
  <system-out/>
  <testcase classname="com.trelloapi.testcases.TC006_GET_VerifyCardCreated" name="checkStatusCode" time="0.000"/>
  <system-out/>
  <testcase classname="com.trelloapi.testcases.TC006_GET_VerifyCardCreated" name="checkCardName" time="0.041"/>
  <system-out/>
</testsuite> <!-- com.trelloapi.testcases.TC006_GET_VerifyCardCreated -->
