<?xml version="1.0" encoding="UTF-8"?>
<!-- Generated by org.testng.reporters.JUnitReportReporter -->
<testsuite hostname="MSI" failures="0" tests="4" name="com.trelloapi.testcases.TC007_CreateCheckList" time="0.069" errors="0" timestamp="2023-02-01T12:48:37 EST" skipped="0">
  <testcase classname="com.trelloapi.testcases.TC007_CreateCheckList" name="checkStatusCode" time="0.002"/>
  <system-out/>
  <testcase classname="com.trelloapi.testcases.TC007_CreateCheckList" name="checkResponseBody" time="0.002"/>
  <system-out/>
  <testcase classname="com.trelloapi.testcases.TC007_CreateCheckList" name="getChecklistId" time="0.029"/>
  <system-out/>
  <testcase classname="com.trelloapi.testcases.TC007_CreateCheckList" name="checkChecklistName" time="0.036"/>
  <system-out/>
</testsuite> <!-- com.trelloapi.testcases.TC007_CreateCheckList -->
